<?xml version="1.0" encoding="UTF-8"?>
<testsuite xmlns:xsi="http://www.w3.org/2001/XMLSchema-instance" xsi:noNamespaceSchemaLocation="https://maven.apache.org/surefire/maven-surefire-plugin/xsd/surefire-test-report.xsd" name="com.july.company.MarkDownTest" time="4.669" tests="2" errors="0" skipped="0" failures="0">
  <properties>
[...]
</properties>
  <testcase name="generateDocApi" classname="com.july.company.MarkDownTest" time="3.781"/>
  <testcase name="generateHtmlApi" classname="com.july.company.MarkDownTest" time="0.816"/>
</testsuite>